<?xml version="1.0" encoding="UTF-8"?>
<coverage generated="1727137309352" clover="3.2.0">
  <project timestamp="1727137309352" name="All files">
    <metrics statements="2" coveredstatements="0" conditionals="0" coveredconditionals="0" methods="3" coveredmethods="0" elements="5" coveredelements="0" complexity="0" loc="2" ncloc="2" packages="3" files="3" classes="3"/>
    <package name="app">
      <metrics statements="1" coveredstatements="0" conditionals="0" coveredconditionals="0" methods="1" coveredmethods="0"/>
      <file name="_layout.tsx" path="/Users/douglas/Projects/workout/app/_layout.tsx">
        <metrics statements="1" coveredstatements="0" conditionals="0" coveredconditionals="0" methods="1" coveredmethods="0"/>
        <line num="4" count="0" type="stmt"/>
      </file>
    </package>
    <package name="app.plans.create">
      <metrics statements="0" coveredstatements="0" conditionals="0" coveredconditionals="0" methods="1" coveredmethods="0"/>
      <file name="index.tsx" path="/Users/douglas/Projects/workout/app/plans/create/index.tsx">
        <metrics statements="0" coveredstatements="0" conditionals="0" coveredconditionals="0" methods="1" coveredmethods="0"/>
      </file>
    </package>
    <package name="components.FormCreateWorkoutPlan">
      <metrics statements="1" coveredstatements="0" conditionals="0" coveredconditionals="0" methods="1" coveredmethods="0"/>
      <file name="index.tsx" path="/Users/douglas/Projects/workout/components/FormCreateWorkoutPlan/index.tsx">
        <metrics statements="1" coveredstatements="0" conditionals="0" coveredconditionals="0" methods="1" coveredmethods="0"/>
        <line num="3" count="0" type="stmt"/>
      </file>
    </package>
  </project>
</coverage>
