{"/Users/douglas/Projects/workout/app/_layout.tsx": {"path":"/Users/douglas/Projects/workout/app/_layout.tsx","statementMap":{"0":{"start":{"line":4,"column":2},"end":{"line":16,"column":3}}},"fnMap":{"0":{"name":"RootLayout","decl":{"start":{"line":3,"column":24},"end":{"line":3,"column":34}},"loc":{"start":{"line":3,"column":37},"end":{"line":17,"column":1}},"line":3}},"branchMap":{},"s":{"0":0},"f":{"0":0},"b":{}}
,"/Users/douglas/Projects/workout/app/plans/create/index.tsx": {"path":"/Users/douglas/Projects/workout/app/plans/create/index.tsx","statementMap":{},"fnMap":{"0":{"name":"CreatePlansScreen","decl":{"start":{"line":1,"column":24},"end":{"line":1,"column":41}},"loc":{"start":{"line":1,"column":44},"end":{"line":1,"column":47}},"line":1}},"branchMap":{},"s":{},"f":{"0":0},"b":{}}
,"/Users/douglas/Projects/workout/components/FormCreateWorkoutPlan/index.tsx": {"path":"/Users/douglas/Projects/workout/components/FormCreateWorkoutPlan/index.tsx","statementMap":{"0":{"start":{"line":3,"column":2},"end":{"line":3,"column":14}}},"fnMap":{"0":{"name":"FormCreateWorkoutPlan","decl":{"start":{"line":1,"column":16},"end":{"line":1,"column":37}},"loc":{"start":{"line":1,"column":40},"end":{"line":4,"column":1}},"line":1}},"branchMap":{},"s":{"0":0},"f":{"0":0},"b":{},"_coverageSchema":"1a1c01bbd47fc00a2c39e90264f33305004495a9","hash":"af026a6ba2dcf4f9ef0c6499db194793141d0f47"}
}
